0 info it worked if it ends with ok
1 verbose cli [ '/Users/madthad91/.nvm/versions/node/v6.8.1/bin/node',
1 verbose cli   '/Users/madthad91/.nvm/versions/node/v6.8.1/bin/npm',
1 verbose cli   'run',
1 verbose cli   'ready',
1 verbose cli   '--',
1 verbose cli   'updated readme' ]
2 info using npm@4.0.2
3 info using node@v6.8.1
4 verbose stack Error: missing script: ready
4 verbose stack     at run (/Users/madthad91/.nvm/versions/node/v6.8.1/lib/node_modules/npm/lib/run-script.js:151:19)
4 verbose stack     at /Users/madthad91/.nvm/versions/node/v6.8.1/lib/node_modules/npm/lib/run-script.js:61:5
4 verbose stack     at /Users/madthad91/.nvm/versions/node/v6.8.1/lib/node_modules/npm/node_modules/read-package-json/read-json.js:356:5
4 verbose stack     at checkBinReferences_ (/Users/madthad91/.nvm/versions/node/v6.8.1/lib/node_modules/npm/node_modules/read-package-json/read-json.js:320:45)
4 verbose stack     at final (/Users/madthad91/.nvm/versions/node/v6.8.1/lib/node_modules/npm/node_modules/read-package-json/read-json.js:354:3)
4 verbose stack     at then (/Users/madthad91/.nvm/versions/node/v6.8.1/lib/node_modules/npm/node_modules/read-package-json/read-json.js:124:5)
4 verbose stack     at /Users/madthad91/.nvm/versions/node/v6.8.1/lib/node_modules/npm/node_modules/read-package-json/read-json.js:311:12
4 verbose stack     at /Users/madthad91/.nvm/versions/node/v6.8.1/lib/node_modules/npm/node_modules/graceful-fs/graceful-fs.js:78:16
4 verbose stack     at tryToString (fs.js:455:3)
4 verbose stack     at FSReqWrap.readFileAfterClose [as oncomplete] (fs.js:442:12)
5 verbose cwd /Users/madthad91/software/how/how-components
6 error Darwin 16.6.0
7 error argv "/Users/madthad91/.nvm/versions/node/v6.8.1/bin/node" "/Users/madthad91/.nvm/versions/node/v6.8.1/bin/npm" "run" "ready" "--" "updated readme"
8 error node v6.8.1
9 error npm  v4.0.2
10 error missing script: ready
11 error If you need help, you may report this error at:
11 error     <https://github.com/npm/npm/issues>
12 verbose exit [ 1, true ]
